0 info it worked if it ends with ok
1 verbose cli [ '/Users/didi/.nvm/versions/node/v6.10.0/bin/node',
1 verbose cli   '/Users/didi/.nvm/versions/node/v6.10.0/bin/npm',
1 verbose cli   'i',
1 verbose cli   'react',
1 verbose cli   'react-redux',
1 verbose cli   '-S' ]
2 info using npm@3.10.10
3 info using node@v6.10.0
4 silly loadCurrentTree Starting
5 silly install loadCurrentTree
6 silly install readLocalPackageData
7 silly fetchPackageMetaData react
8 silly fetchPackageMetaData react-redux
9 silly fetchNamedPackageData react
10 silly mapToRegistry name react
11 silly mapToRegistry using default registry
12 silly mapToRegistry registry http://registry.npm.xiaojukeji.com/
13 silly mapToRegistry data Result {
13 silly mapToRegistry   raw: 'react',
13 silly mapToRegistry   scope: null,
13 silly mapToRegistry   escapedName: 'react',
13 silly mapToRegistry   name: 'react',
13 silly mapToRegistry   rawSpec: '',
13 silly mapToRegistry   spec: 'latest',
13 silly mapToRegistry   type: 'tag' }
14 silly mapToRegistry uri http://registry.npm.xiaojukeji.com/react
15 silly fetchNamedPackageData react-redux
16 silly mapToRegistry name react-redux
17 silly mapToRegistry using default registry
18 silly mapToRegistry registry http://registry.npm.xiaojukeji.com/
19 silly mapToRegistry data Result {
19 silly mapToRegistry   raw: 'react-redux',
19 silly mapToRegistry   scope: null,
19 silly mapToRegistry   escapedName: 'react-redux',
19 silly mapToRegistry   name: 'react-redux',
19 silly mapToRegistry   rawSpec: '',
19 silly mapToRegistry   spec: 'latest',
19 silly mapToRegistry   type: 'tag' }
20 silly mapToRegistry uri http://registry.npm.xiaojukeji.com/react-redux
21 verbose request uri http://registry.npm.xiaojukeji.com/react
22 verbose request no auth needed
23 info attempt registry request try #1 at 10:19:14
24 verbose request id ebf58d794acb6b7c
25 http request GET http://registry.npm.xiaojukeji.com/react
26 verbose request uri http://registry.npm.xiaojukeji.com/react-redux
27 verbose request no auth needed
28 info attempt registry request try #1 at 10:19:14
29 http request GET http://registry.npm.xiaojukeji.com/react-redux
30 info retry will retry, error on last attempt: Error: getaddrinfo ENOTFOUND registry.npm.xiaojukeji.com registry.npm.xiaojukeji.com:80
31 info retry will retry, error on last attempt: Error: getaddrinfo ENOTFOUND registry.npm.xiaojukeji.com registry.npm.xiaojukeji.com:80
32 info attempt registry request try #2 at 10:19:54
33 http request GET http://registry.npm.xiaojukeji.com/react
34 info attempt registry request try #2 at 10:19:54
35 http request GET http://registry.npm.xiaojukeji.com/react-redux
36 info retry will retry, error on last attempt: Error: getaddrinfo ENOTFOUND registry.npm.xiaojukeji.com registry.npm.xiaojukeji.com:80
37 info retry will retry, error on last attempt: Error: getaddrinfo ENOTFOUND registry.npm.xiaojukeji.com registry.npm.xiaojukeji.com:80
38 info attempt registry request try #3 at 10:21:24
39 http request GET http://registry.npm.xiaojukeji.com/react
40 info attempt registry request try #3 at 10:21:24
41 http request GET http://registry.npm.xiaojukeji.com/react-redux
42 silly fetchPackageMetaData Error: getaddrinfo ENOTFOUND registry.npm.xiaojukeji.com registry.npm.xiaojukeji.com:80
42 silly fetchPackageMetaData     at errnoException (dns.js:28:10)
42 silly fetchPackageMetaData     at GetAddrInfoReqWrap.onlookup [as oncomplete] (dns.js:76:26)
42 silly fetchPackageMetaData  error for react { Error: getaddrinfo ENOTFOUND registry.npm.xiaojukeji.com registry.npm.xiaojukeji.com:80
42 silly fetchPackageMetaData     at errnoException (dns.js:28:10)
42 silly fetchPackageMetaData     at GetAddrInfoReqWrap.onlookup [as oncomplete] (dns.js:76:26)
42 silly fetchPackageMetaData   code: 'ENOTFOUND',
42 silly fetchPackageMetaData   errno: 'ENOTFOUND',
42 silly fetchPackageMetaData   syscall: 'getaddrinfo',
42 silly fetchPackageMetaData   hostname: 'registry.npm.xiaojukeji.com',
42 silly fetchPackageMetaData   host: 'registry.npm.xiaojukeji.com',
42 silly fetchPackageMetaData   port: 80 }
43 silly get cb [ 304, undefined ]
44 silly fetchPackageMetaData Error: failed to fetch from registry: http://registry.npm.xiaojukeji.com/react-redux
44 silly fetchPackageMetaData     at /Users/didi/.nvm/versions/node/v6.10.0/lib/node_modules/npm/lib/cache/caching-client.js:164:27
44 silly fetchPackageMetaData     at /Users/didi/.nvm/versions/node/v6.10.0/lib/node_modules/npm/lib/cache/caching-client.js:53:8
44 silly fetchPackageMetaData     at f (/Users/didi/.nvm/versions/node/v6.10.0/lib/node_modules/npm/node_modules/once/once.js:25:25)
44 silly fetchPackageMetaData     at /Users/didi/.nvm/versions/node/v6.10.0/lib/node_modules/npm/node_modules/npm-registry-client/lib/request.js:89:10
44 silly fetchPackageMetaData     at /Users/didi/.nvm/versions/node/v6.10.0/lib/node_modules/npm/node_modules/npm-registry-client/lib/request.js:103:12
44 silly fetchPackageMetaData     at f (/Users/didi/.nvm/versions/node/v6.10.0/lib/node_modules/npm/node_modules/once/once.js:25:25)
44 silly fetchPackageMetaData     at CachingRegistryClient.<anonymous> (/Users/didi/.nvm/versions/node/v6.10.0/lib/node_modules/npm/node_modules/npm-registry-client/lib/request.js:224:20)
44 silly fetchPackageMetaData     at Request._callback (/Users/didi/.nvm/versions/node/v6.10.0/lib/node_modules/npm/node_modules/npm-registry-client/lib/request.js:201:20)
44 silly fetchPackageMetaData     at self.callback (/Users/didi/.nvm/versions/node/v6.10.0/lib/node_modules/npm/node_modules/request/request.js:187:22)
44 silly fetchPackageMetaData     at emitOne (events.js:101:20)
44 silly fetchPackageMetaData  error for react-redux Error: failed to fetch from registry: http://registry.npm.xiaojukeji.com/react-redux
44 silly fetchPackageMetaData     at /Users/didi/.nvm/versions/node/v6.10.0/lib/node_modules/npm/lib/cache/caching-client.js:164:27
44 silly fetchPackageMetaData     at /Users/didi/.nvm/versions/node/v6.10.0/lib/node_modules/npm/lib/cache/caching-client.js:53:8
44 silly fetchPackageMetaData     at f (/Users/didi/.nvm/versions/node/v6.10.0/lib/node_modules/npm/node_modules/once/once.js:25:25)
44 silly fetchPackageMetaData     at /Users/didi/.nvm/versions/node/v6.10.0/lib/node_modules/npm/node_modules/npm-registry-client/lib/request.js:89:10
44 silly fetchPackageMetaData     at /Users/didi/.nvm/versions/node/v6.10.0/lib/node_modules/npm/node_modules/npm-registry-client/lib/request.js:103:12
44 silly fetchPackageMetaData     at f (/Users/didi/.nvm/versions/node/v6.10.0/lib/node_modules/npm/node_modules/once/once.js:25:25)
44 silly fetchPackageMetaData     at CachingRegistryClient.<anonymous> (/Users/didi/.nvm/versions/node/v6.10.0/lib/node_modules/npm/node_modules/npm-registry-client/lib/request.js:224:20)
44 silly fetchPackageMetaData     at Request._callback (/Users/didi/.nvm/versions/node/v6.10.0/lib/node_modules/npm/node_modules/npm-registry-client/lib/request.js:201:20)
44 silly fetchPackageMetaData     at self.callback (/Users/didi/.nvm/versions/node/v6.10.0/lib/node_modules/npm/node_modules/request/request.js:187:22)
44 silly fetchPackageMetaData     at emitOne (events.js:101:20)
45 silly rollbackFailedOptional Starting
46 silly rollbackFailedOptional Finishing
47 silly runTopLevelLifecycles Finishing
48 silly install printInstalled
49 verbose stack Error: getaddrinfo ENOTFOUND registry.npm.xiaojukeji.com registry.npm.xiaojukeji.com:80
49 verbose stack     at errnoException (dns.js:28:10)
49 verbose stack     at GetAddrInfoReqWrap.onlookup [as oncomplete] (dns.js:76:26)
50 verbose cwd /Users/didi/Desktop/fresh-man-learn/redux-all/redux/src/react-redux
51 error Darwin 19.0.0
52 error argv "/Users/didi/.nvm/versions/node/v6.10.0/bin/node" "/Users/didi/.nvm/versions/node/v6.10.0/bin/npm" "i" "react" "react-redux" "-S"
53 error node v6.10.0
54 error npm  v3.10.10
55 error code ENOTFOUND
56 error errno ENOTFOUND
57 error syscall getaddrinfo
58 error network getaddrinfo ENOTFOUND registry.npm.xiaojukeji.com registry.npm.xiaojukeji.com:80
59 error network This is most likely not a problem with npm itself
59 error network and is related to network connectivity.
59 error network In most cases you are behind a proxy or have bad network settings.
59 error network
59 error network If you are behind a proxy, please make sure that the
59 error network 'proxy' config is set properly.  See: 'npm help config'
60 verbose exit [ 1, true ]
